<?xml version="1.0" encoding="UTF-8"?>
<!-- Generated by org.testng.reporters.JUnitXMLReporter -->
<testsuite ignored="0" hostname="DESKTOP-A8KBKF9" failures="0" tests="4" name="Default test" time="58.461" errors="0" timestamp="2024-07-20T15:04:14 BRT">
  <testcase classname="AutomatizadoMobile.Appium.AppiumBasics" name="WifiSettingsName" time="7.625"/>
  <testcase classname="AutomatizadoMobile.Appium.ScrollDemo" name="ScrollGesture" time="11.729"/>
  <testcase classname="AutomatizadoMobile.Appium.LongPress" name="LongPressGesture" time="9.566"/>
  <testcase classname="AutomatizadoMobile.Appium.SwipeDemo" name="LongPressGesture" time="5.106"/>
</testsuite> <!-- Default test -->
