<?xml version="1.0" encoding="UTF-8"?>
<testng-results ignored="0" total="1" passed="1" failed="0" skipped="0">
  <reporter-output>
  </reporter-output>
  <suite started-at="2024-05-01T16:23:05 BRT" name="Default suite" finished-at="2024-05-01T16:23:15 BRT" duration-ms="10410">
    <groups>
    </groups>
    <test started-at="2024-05-01T16:23:05 BRT" name="Default test" finished-at="2024-05-01T16:23:15 BRT" duration-ms="10410">
      <class name="AutomatizadoMobile.Appium.AppiumBasics">
        <test-method signature="AppiumTest()[pri:0, instance:AutomatizadoMobile.Appium.AppiumBasics@3c77d488]" started-at="2024-05-01T16:23:05 BRT" name="AppiumTest" finished-at="2024-05-01T16:23:15 BRT" duration-ms="10349" status="PASS">
          <reporter-output>
          </reporter-output>
        </test-method> <!-- AppiumTest -->
      </class> <!-- AutomatizadoMobile.Appium.AppiumBasics -->
    </test> <!-- Default test -->
  </suite> <!-- Default suite -->
</testng-results>
